root - INFO - Loading Data...
root - INFO - Init nn...
root - INFO - Training...
root - INFO - [1,     3] loss: 1.395
root - INFO - [1,     5] loss: 1.387
root - INFO - [1,     7] loss: 1.396
root - INFO - [1,     9] loss: 1.391
root - INFO - [1,    11] loss: 1.386
root - INFO - [1,    13] loss: 1.360
root - INFO - [1,    15] loss: 1.341
root - INFO - [1,    17] loss: 1.331
root - INFO - [1,    19] loss: 1.315
root - INFO - [1,    21] loss: 1.304
root - INFO - [1,    23] loss: 1.293
root - INFO - [1,    25] loss: 1.281
root - INFO - [1,    27] loss: 1.272
root - INFO - [1,    29] loss: 1.262
root - INFO - [1,    31] loss: 1.258
root - INFO - All Validation set: Loss 1.11039 | AUC 0.783737 | AUPRC 0.167918
root - INFO - Predict by threshold: Precision 0.0178165, Recall 0.783333, F 0.0348406
root - INFO - Predict by topK:
root - INFO - Top1: Precision 0.3, Recall 0.15, F 0.2
root - INFO - Top2: Precision 0.2, Recall 0.2, F 0.2
root - INFO - Top3: Precision 0.133333, Recall 0.2, F 0.16
root - INFO - Top4: Precision 0.116667, Recall 0.233333, F 0.155556
root - INFO - Top5: Precision 0.1, Recall 0.25, F 0.142857
root - INFO - [2,     3] loss: 1.089
root - INFO - [2,     5] loss: 1.106
root - INFO - [2,     7] loss: 1.102
root - INFO - [2,     9] loss: 1.100
root - INFO - [2,    11] loss: 1.090
root - INFO - [2,    13] loss: 1.075
root - INFO - [2,    15] loss: 1.070
root - INFO - [2,    17] loss: 1.066
root - INFO - [2,    19] loss: 1.060
root - INFO - [2,    21] loss: 1.051
root - INFO - [2,    23] loss: 1.047
root - INFO - [2,    25] loss: 1.039
root - INFO - [2,    27] loss: 1.030
root - INFO - [2,    29] loss: 1.024
root - INFO - [2,    31] loss: 1.023
root - INFO - All Validation set: Loss 0.925769 | AUC 0.815254 | AUPRC 0.322401
root - INFO - Predict by threshold: Precision 0.0233147, Recall 0.766667, F 0.0452533
root - INFO - Predict by topK:
root - INFO - Top1: Precision 0.566667, Recall 0.283333, F 0.377778
root - INFO - Top2: Precision 0.333333, Recall 0.333333, F 0.333333
root - INFO - Top3: Precision 0.244444, Recall 0.366667, F 0.293333
root - INFO - Top4: Precision 0.2, Recall 0.4, F 0.266667
root - INFO - Top5: Precision 0.16, Recall 0.4, F 0.228571
root - INFO - [3,     3] loss: 0.940
root - INFO - [3,     5] loss: 0.944
root - INFO - [3,     7] loss: 0.938
root - INFO - [3,     9] loss: 0.925
root - INFO - [3,    11] loss: 0.927
root - INFO - [3,    13] loss: 0.913
root - INFO - [3,    15] loss: 0.903
root - INFO - [3,    17] loss: 0.900
root - INFO - [3,    19] loss: 0.893
root - INFO - [3,    21] loss: 0.885
root - INFO - [3,    23] loss: 0.879
root - INFO - [3,    25] loss: 0.876
root - INFO - [3,    27] loss: 0.869
root - INFO - [3,    29] loss: 0.864
root - INFO - [3,    31] loss: 0.861
root - INFO - All Validation set: Loss 0.785632 | AUC 0.842783 | AUPRC 0.434572
root - INFO - Predict by threshold: Precision 0.0309641, Recall 0.733333, F 0.0594193
root - INFO - Predict by topK:
root - INFO - Top1: Precision 0.8, Recall 0.4, F 0.533333
root - INFO - Top2: Precision 0.416667, Recall 0.416667, F 0.416667
root - INFO - Top3: Precision 0.3, Recall 0.45, F 0.36
root - INFO - Top4: Precision 0.225, Recall 0.45, F 0.3
root - INFO - Top5: Precision 0.186667, Recall 0.466667, F 0.266667
root - INFO - [4,     3] loss: 0.800
root - INFO - [4,     5] loss: 0.791
root - INFO - [4,     7] loss: 0.785
root - INFO - [4,     9] loss: 0.779
root - INFO - [4,    11] loss: 0.772
root - INFO - [4,    13] loss: 0.759
root - INFO - [4,    15] loss: 0.754
root - INFO - [4,    17] loss: 0.751
root - INFO - [4,    19] loss: 0.747
root - INFO - [4,    21] loss: 0.739
root - INFO - [4,    23] loss: 0.734
root - INFO - [4,    25] loss: 0.729
root - INFO - [4,    27] loss: 0.725
root - INFO - [4,    29] loss: 0.719
root - INFO - [4,    31] loss: 0.718
root - INFO - All Validation set: Loss 0.65744 | AUC 0.856111 | AUPRC 0.506337
root - INFO - Predict by threshold: Precision 0.0412698, Recall 0.65, F 0.0776119
root - INFO - Predict by topK:
root - INFO - Top1: Precision 0.966667, Recall 0.483333, F 0.644444
root - INFO - Top2: Precision 0.5, Recall 0.5, F 0.5
root - INFO - Top3: Precision 0.333333, Recall 0.5, F 0.4
root - INFO - Top4: Precision 0.25, Recall 0.5, F 0.333333
root - INFO - Top5: Precision 0.2, Recall 0.5, F 0.285714
root - INFO - [5,     3] loss: 0.677
root - INFO - [5,     5] loss: 0.669
root - INFO - [5,     7] loss: 0.662
root - INFO - [5,     9] loss: 0.645
root - INFO - [5,    11] loss: 0.652
root - INFO - [5,    13] loss: 0.641
root - INFO - [5,    15] loss: 0.633
root - INFO - [5,    17] loss: 0.631
root - INFO - [5,    19] loss: 0.627
root - INFO - [5,    21] loss: 0.622
root - INFO - [5,    23] loss: 0.618
root - INFO - [5,    25] loss: 0.618
root - INFO - [5,    27] loss: 0.615
root - INFO - [5,    29] loss: 0.610
root - INFO - [5,    31] loss: 0.607
root - INFO - All Validation set: Loss 0.539363 | AUC 0.882217 | AUPRC 0.505447
root - INFO - Predict by threshold: Precision 0.0692042, Recall 0.666667, F 0.125392
root - INFO - Predict by topK:
root - INFO - Top1: Precision 0.833333, Recall 0.416667, F 0.555556
root - INFO - Top2: Precision 0.5, Recall 0.5, F 0.5
root - INFO - Top3: Precision 0.333333, Recall 0.5, F 0.4
root - INFO - Top4: Precision 0.25, Recall 0.5, F 0.333333
root - INFO - Top5: Precision 0.2, Recall 0.5, F 0.285714
root - INFO - [6,     3] loss: 0.520
root - INFO - [6,     5] loss: 0.530
root - INFO - [6,     7] loss: 0.537
root - INFO - [6,     9] loss: 0.537
root - INFO - [6,    11] loss: 0.535
root - INFO - [6,    13] loss: 0.533
root - INFO - [6,    15] loss: 0.530
root - INFO - [6,    17] loss: 0.528
root - INFO - [6,    19] loss: 0.524
root - INFO - [6,    21] loss: 0.523
root - INFO - [6,    23] loss: 0.518
root - INFO - [6,    25] loss: 0.514
root - INFO - [6,    27] loss: 0.511
root - INFO - [6,    29] loss: 0.506
root - INFO - [6,    31] loss: 0.503
root - INFO - All Validation set: Loss 0.458117 | AUC 0.883937 | AUPRC 0.533364
root - INFO - Predict by threshold: Precision 0.101333, Recall 0.633333, F 0.174713
root - INFO - Predict by topK:
root - INFO - Top1: Precision 1, Recall 0.5, F 0.666667
root - INFO - Top2: Precision 0.5, Recall 0.5, F 0.5
root - INFO - Top3: Precision 0.333333, Recall 0.5, F 0.4
root - INFO - Top4: Precision 0.25, Recall 0.5, F 0.333333
root - INFO - Top5: Precision 0.213333, Recall 0.533333, F 0.304762
root - INFO - [7,     3] loss: 0.466
root - INFO - [7,     5] loss: 0.466
root - INFO - [7,     7] loss: 0.464
root - INFO - [7,     9] loss: 0.453
root - INFO - [7,    11] loss: 0.450
root - INFO - [7,    13] loss: 0.443
root - INFO - [7,    15] loss: 0.441
root - INFO - [7,    17] loss: 0.437
root - INFO - [7,    19] loss: 0.437
root - INFO - [7,    21] loss: 0.432
root - INFO - [7,    23] loss: 0.428
root - INFO - [7,    25] loss: 0.425
root - INFO - [7,    27] loss: 0.422
root - INFO - [7,    29] loss: 0.419
root - INFO - [7,    31] loss: 0.418
root - INFO - All Validation set: Loss 0.376177 | AUC 0.890008 | AUPRC 0.53453
root - INFO - Predict by threshold: Precision 0.157407, Recall 0.566667, F 0.246377
root - INFO - Predict by topK:
root - INFO - Top1: Precision 1, Recall 0.5, F 0.666667
root - INFO - Top2: Precision 0.5, Recall 0.5, F 0.5
root - INFO - Top3: Precision 0.344444, Recall 0.516667, F 0.413333
root - INFO - Top4: Precision 0.258333, Recall 0.516667, F 0.344444
root - INFO - Top5: Precision 0.213333, Recall 0.533333, F 0.304762
root - INFO - [8,     3] loss: 0.372
root - INFO - [8,     5] loss: 0.379
root - INFO - [8,     7] loss: 0.386
root - INFO - [8,     9] loss: 0.382
root - INFO - [8,    11] loss: 0.380
root - INFO - [8,    13] loss: 0.371
root - INFO - [8,    15] loss: 0.367
root - INFO - [8,    17] loss: 0.364
root - INFO - [8,    19] loss: 0.363
root - INFO - [8,    21] loss: 0.363
root - INFO - [8,    23] loss: 0.359
root - INFO - [8,    25] loss: 0.357
root - INFO - [8,    27] loss: 0.356
root - INFO - [8,    29] loss: 0.354
root - INFO - [8,    31] loss: 0.354
root - INFO - All Validation set: Loss 0.326663 | AUC 0.881922 | AUPRC 0.536456
root - INFO - Predict by threshold: Precision 0.222222, Recall 0.5, F 0.307692
root - INFO - Predict by topK:
root - INFO - Top1: Precision 1, Recall 0.5, F 0.666667
root - INFO - Top2: Precision 0.5, Recall 0.5, F 0.5
root - INFO - Top3: Precision 0.333333, Recall 0.5, F 0.4
root - INFO - Top4: Precision 0.258333, Recall 0.516667, F 0.344444
root - INFO - Top5: Precision 0.206667, Recall 0.516667, F 0.295238
root - INFO - [9,     3] loss: 0.338
root - INFO - [9,     5] loss: 0.326
root - INFO - [9,     7] loss: 0.324
root - INFO - [9,     9] loss: 0.321
root - INFO - [9,    11] loss: 0.320
root - INFO - [9,    13] loss: 0.317
root - INFO - [9,    15] loss: 0.314
root - INFO - [9,    17] loss: 0.316
root - INFO - [9,    19] loss: 0.316
root - INFO - [9,    21] loss: 0.315
root - INFO - [9,    23] loss: 0.311
root - INFO - [9,    25] loss: 0.313
root - INFO - [9,    27] loss: 0.312
root - INFO - [9,    29] loss: 0.310
root - INFO - [9,    31] loss: 0.310
root - INFO - All Validation set: Loss 0.288933 | AUC 0.889352 | AUPRC 0.532153
root - INFO - Predict by threshold: Precision 0.348837, Recall 0.5, F 0.410959
root - INFO - Predict by topK:
root - INFO - Top1: Precision 1, Recall 0.5, F 0.666667
root - INFO - Top2: Precision 0.5, Recall 0.5, F 0.5
root - INFO - Top3: Precision 0.333333, Recall 0.5, F 0.4
root - INFO - Top4: Precision 0.25, Recall 0.5, F 0.333333
root - INFO - Top5: Precision 0.2, Recall 0.5, F 0.285714
root - INFO - [10,     3] loss: 0.336
root - INFO - [10,     5] loss: 0.314
root - INFO - [10,     7] loss: 0.307
root - INFO - [10,     9] loss: 0.300
root - INFO - [10,    11] loss: 0.299
root - INFO - [10,    13] loss: 0.295
root - INFO - [10,    15] loss: 0.298
root - INFO - [10,    17] loss: 0.294
root - INFO - [10,    19] loss: 0.294
root - INFO - [10,    21] loss: 0.289
root - INFO - [10,    23] loss: 0.286
root - INFO - [10,    25] loss: 0.284
root - INFO - [10,    27] loss: 0.281
root - INFO - [10,    29] loss: 0.278
root - INFO - [10,    31] loss: 0.277
root - INFO - All Validation set: Loss 0.254061 | AUC 0.876117 | AUPRC 0.535856
root - INFO - Predict by threshold: Precision 0.576923, Recall 0.5, F 0.535714
root - INFO - Predict by topK:
root - INFO - Top1: Precision 1, Recall 0.5, F 0.666667
root - INFO - Top2: Precision 0.5, Recall 0.5, F 0.5
root - INFO - Top3: Precision 0.333333, Recall 0.5, F 0.4
root - INFO - Top4: Precision 0.258333, Recall 0.516667, F 0.344444
root - INFO - Top5: Precision 0.206667, Recall 0.516667, F 0.295238
root - INFO - [11,     3] loss: 0.269
root - INFO - [11,     5] loss: 0.265
root - INFO - [11,     7] loss: 0.271
root - INFO - [11,     9] loss: 0.264
root - INFO - [11,    11] loss: 0.267
root - INFO - [11,    13] loss: 0.261
root - INFO - [11,    15] loss: 0.258
root - INFO - [11,    17] loss: 0.259
root - INFO - [11,    19] loss: 0.256
root - INFO - [11,    21] loss: 0.254
root - INFO - [11,    23] loss: 0.250
root - INFO - [11,    25] loss: 0.247
root - INFO - [11,    27] loss: 0.249
root - INFO - [11,    29] loss: 0.247
root - INFO - [11,    31] loss: 0.247
root - INFO - All Validation set: Loss 0.233607 | AUC 0.872365 | AUPRC 0.540221
root - INFO - Predict by threshold: Precision 0.681818, Recall 0.5, F 0.576923
root - INFO - Predict by topK:
root - INFO - Top1: Precision 1, Recall 0.5, F 0.666667
root - INFO - Top2: Precision 0.5, Recall 0.5, F 0.5
root - INFO - Top3: Precision 0.344444, Recall 0.516667, F 0.413333
root - INFO - Top4: Precision 0.266667, Recall 0.533333, F 0.355556
root - INFO - Top5: Precision 0.22, Recall 0.55, F 0.314286
root - INFO - [12,     3] loss: 0.226
root - INFO - [12,     5] loss: 0.228
root - INFO - [12,     7] loss: 0.228
root - INFO - [12,     9] loss: 0.230
root - INFO - [12,    11] loss: 0.234
root - INFO - [12,    13] loss: 0.231
root - INFO - [12,    15] loss: 0.230
root - INFO - [12,    17] loss: 0.230
root - INFO - [12,    19] loss: 0.226
root - INFO - [12,    21] loss: 0.225
root - INFO - [12,    23] loss: 0.225
root - INFO - [12,    25] loss: 0.226
root - INFO - [12,    27] loss: 0.224
root - INFO - [12,    29] loss: 0.222
root - INFO - [12,    31] loss: 0.223
root - INFO - All Validation set: Loss 0.213928 | AUC 0.892643 | AUPRC 0.544396
root - INFO - Predict by threshold: Precision 0.857143, Recall 0.5, F 0.631579
root - INFO - Predict by topK:
root - INFO - Top1: Precision 1, Recall 0.5, F 0.666667
root - INFO - Top2: Precision 0.516667, Recall 0.516667, F 0.516667
root - INFO - Top3: Precision 0.344444, Recall 0.516667, F 0.413333
root - INFO - Top4: Precision 0.258333, Recall 0.516667, F 0.344444
root - INFO - Top5: Precision 0.22, Recall 0.55, F 0.314286
root - INFO - [13,     3] loss: 0.205
root - INFO - [13,     5] loss: 0.222
root - INFO - [13,     7] loss: 0.222
root - INFO - [13,     9] loss: 0.216
root - INFO - [13,    11] loss: 0.221
root - INFO - [13,    13] loss: 0.221
root - INFO - [13,    15] loss: 0.227
root - INFO - [13,    17] loss: 0.228
root - INFO - [13,    19] loss: 0.226
root - INFO - [13,    21] loss: 0.223
root - INFO - [13,    23] loss: 0.222
root - INFO - [13,    25] loss: 0.222
root - INFO - [13,    27] loss: 0.221
root - INFO - [13,    29] loss: 0.220
root - INFO - [13,    31] loss: 0.220
root - INFO - All Validation set: Loss 0.204791 | AUC 0.910053 | AUPRC 0.564386
root - INFO - Predict by threshold: Precision 0.833333, Recall 0.5, F 0.625
root - INFO - Predict by topK:
root - INFO - Top1: Precision 1, Recall 0.5, F 0.666667
root - INFO - Top2: Precision 0.533333, Recall 0.533333, F 0.533333
root - INFO - Top3: Precision 0.366667, Recall 0.55, F 0.44
root - INFO - Top4: Precision 0.291667, Recall 0.583333, F 0.388889
root - INFO - Top5: Precision 0.24, Recall 0.6, F 0.342857
